<?xml version="1.0" encoding="UTF-8"?>
<testsuite xmlns:xsi="http://www.w3.org/2001/XMLSchema-instance" xsi:noNamespaceSchemaLocation="https://maven.apache.org/surefire/maven-surefire-plugin/xsd/surefire-test-report.xsd" name="TestSuite" time="31.37" tests="1" errors="0" skipped="0" failures="1">
  <properties>
[...]
</properties>
  <testcase name="runScenario" classname="com.ea.springbasic.runner.TestRunner" time="30.15">
    <failure message="no such element: Unable to locate element: {&quot;method&quot;:&quot;css selector&quot;,&quot;selector&quot;:&quot;#AccountHeroImage&quot;}&#10;  (Session info: headless chrome=115.0.5790.170)&#10;For documentation on this error, please visit: https://selenium.dev/exceptions/#no_such_element&#10;Build info: version: &apos;4.5.3&apos;, revision: &apos;4b786a1e430&apos;&#10;System info: os.name: &apos;Linux&apos;, os.arch: &apos;amd64&apos;, os.version: &apos;5.15.0-1041-azure&apos;, java.version: &apos;17.0.8&apos;&#10;Driver info: org.openqa.selenium.chrome.ChromeDriver&#10;Command: [318553aa029908297e6c2fd517a201d9, findElement {using=id, value=AccountHeroImage}]&#10;Capabilities {acceptInsecureCerts: false, browserName: chrome, browserVersion: 115.0.5790.170, chrome: {chromedriverVersion: 115.0.5790.170 (cc0d30c2ca5..., userDataDir: /tmp/.org.chromium.Chromium...}, goog:chromeOptions: {debuggerAddress: localhost:43643}, networkConnectionEnabled: false, pageLoadStrategy: normal, platformName: LINUX, proxy: Proxy(), se:cdp: ws://localhost:43643/devtoo..., se:cdpVersion: 115.0.5790.170, setWindowRect: true, strictFileInteractability: false, timeouts: {implicit: 0, pageLoad: 300000, script: 30000}, unhandledPromptBehavior: dismiss and notify, webauthn:extension:credBlob: true, webauthn:extension:largeBlob: true, webauthn:extension:minPinLength: true, webauthn:extension:prf: true, webauthn:virtualAuthenticators: true}&#10;Session ID: 318553aa029908297e6c2fd517a201d9" type="org.openqa.selenium.NoSuchElementException">org.openqa.selenium.NoSuchElementException: 
no such element: Unable to locate element: {"method":"css selector","selector":"#AccountHeroImage"}
  (Session info: headless chrome=115.0.5790.170)
For documentation on this error, please visit: https://selenium.dev/exceptions/#no_such_element
Build info: version: '4.5.3', revision: '4b786a1e430'
System info: os.name: 'Linux', os.arch: 'amd64', os.version: '5.15.0-1041-azure', java.version: '17.0.8'
Driver info: org.openqa.selenium.chrome.ChromeDriver
Command: [318553aa029908297e6c2fd517a201d9, findElement {using=id, value=AccountHeroImage}]
Capabilities {acceptInsecureCerts: false, browserName: chrome, browserVersion: 115.0.5790.170, chrome: {chromedriverVersion: 115.0.5790.170 (cc0d30c2ca5..., userDataDir: /tmp/.org.chromium.Chromium...}, goog:chromeOptions: {debuggerAddress: localhost:43643}, networkConnectionEnabled: false, pageLoadStrategy: normal, platformName: LINUX, proxy: Proxy(), se:cdp: ws://localhost:43643/devtoo..., se:cdpVersion: 115.0.5790.170, setWindowRect: true, strictFileInteractability: false, timeouts: {implicit: 0, pageLoad: 300000, script: 30000}, unhandledPromptBehavior: dismiss and notify, webauthn:extension:credBlob: true, webauthn:extension:largeBlob: true, webauthn:extension:minPinLength: true, webauthn:extension:prf: true, webauthn:virtualAuthenticators: true}
Session ID: 318553aa029908297e6c2fd517a201d9
</failure>
    <system-out><![CDATA[18:44:46.544 [main] DEBUG org.testng.TestNG -- suiteXmlPath: "/home/runner/work/springbootSeleniumAT/springbootSeleniumAT/smoke-module_cucumber_runner.xml"
18:44:47.359 [TestNG-PoolService-0] DEBUG org.springframework.boot.test.context.SpringBootTestContextBootstrapper -- Neither @ContextConfiguration nor @ContextHierarchy found for test class [CucumberTestContextConfig]: using SpringBootContextLoader
18:44:47.362 [TestNG-PoolService-0] DEBUG org.springframework.test.context.support.AbstractContextLoader -- Could not detect default resource locations for test class [com.ea.springbasic.steps.CucumberTestContextConfig]: no resource found for suffixes {-context.xml, Context.groovy}.
18:44:47.363 [TestNG-PoolService-0] INFO org.springframework.test.context.support.AnnotationConfigContextLoaderUtils -- Could not detect default configuration classes for test class [com.ea.springbasic.steps.CucumberTestContextConfig]: CucumberTestContextConfig does not declare any static, non-private, non-final, nested classes annotated with @Configuration.
18:44:47.385 [TestNG-PoolService-0] DEBUG org.springframework.boot.test.context.SpringBootTestContextBootstrapper -- Using ContextCustomizers for test class [CucumberTestContextConfig]: [ExcludeFilterContextCustomizer, DuplicateJsonObjectContextCustomizer, MockitoContextCustomizer, TestRestTemplateContextCustomizer, DisableObservabilityContextCustomizer, PropertyMappingContextCustomizer, Customizer]
18:44:47.499 [TestNG-PoolService-0] DEBUG org.springframework.context.annotation.ClassPathScanningCandidateComponentProvider -- Identified candidate component class: file [/home/runner/work/springbootSeleniumAT/springbootSeleniumAT/target/classes/com/ea/springbasic/SpringApplicationStarter.class]
18:44:47.501 [TestNG-PoolService-0] INFO org.springframework.boot.test.context.SpringBootTestContextBootstrapper -- Found @SpringBootConfiguration com.ea.springbasic.SpringApplicationStarter for test class com.ea.springbasic.steps.CucumberTestContextConfig
18:44:47.584 [TestNG-PoolService-0] DEBUG org.springframework.test.context.util.TestContextSpringFactoriesUtils -- Skipping candidate TestExecutionListener [org.springframework.test.context.web.ServletTestExecutionListener] due to a missing dependency. Specify custom TestExecutionListener classes or make the default TestExecutionListener classes and their required dependencies available. Offending class: [jakarta/servlet/ServletContext]
18:44:47.588 [TestNG-PoolService-0] DEBUG org.springframework.test.context.util.TestContextSpringFactoriesUtils -- Skipping candidate TestExecutionListener [org.springframework.test.context.transaction.TransactionalTestExecutionListener] due to a missing dependency. Specify custom TestExecutionListener classes or make the default TestExecutionListener classes and their required dependencies available. Offending class: [org/springframework/transaction/interceptor/TransactionAttributeSource]
18:44:47.590 [TestNG-PoolService-0] DEBUG org.springframework.test.context.util.TestContextSpringFactoriesUtils -- Skipping candidate TestExecutionListener [org.springframework.test.context.jdbc.SqlScriptsTestExecutionListener] due to a missing dependency. Specify custom TestExecutionListener classes or make the default TestExecutionListener classes and their required dependencies available. Offending class: [org/springframework/transaction/interceptor/TransactionAttribute]
18:44:47.593 [TestNG-PoolService-0] DEBUG org.springframework.boot.test.context.SpringBootTestContextBootstrapper -- Using TestExecutionListeners for test class [CucumberTestContextConfig]: [DirtiesContextBeforeModesTestExecutionListener, ApplicationEventsTestExecutionListener, MockitoTestExecutionListener, DependencyInjectionTestExecutionListener, DirtiesContextTestExecutionListener, EventPublishingTestExecutionListener, ResetMocksTestExecutionListener, RestDocsTestExecutionListener, MockRestServiceServerResetTestExecutionListener, MockMvcPrintOnlyOnFailureTestExecutionListener, WebDriverTestExecutionListener, MockWebServiceServerTestExecutionListener]

  .   ____          _            __ _ _
 /\\ / ___'_ __ _ _(_)_ __  __ _ \ \ \ \
( ( )\___ | '_ | '_| | '_ \/ _` | \ \ \ \
 \\/  ___)| |_)| | | | | || (_| |  ) ) ) )
  '  |____| .__|_| |_|_| |_\__, | / / / /
 =========|_|==============|___/=/_/_/_/
 :: Spring Boot ::                (v3.0.5)

2023-08-17T18:44:47.887Z  INFO 1799 --- [G-PoolService-0] c.e.s.steps.CucumberTestContextConfig    : Starting CucumberTestContextConfig using Java 17.0.8 with PID 1799 (/home/runner/work/springbootSeleniumAT/springbootSeleniumAT/target/test-classes started by runner in /home/runner/work/springbootSeleniumAT/springbootSeleniumAT)
2023-08-17T18:44:47.889Z  INFO 1799 --- [G-PoolService-0] c.e.s.steps.CucumberTestContextConfig    : No active profile set, falling back to 1 default profile: "default"
2023-08-17T18:44:48.684Z  INFO 1799 --- [G-PoolService-0] c.e.s.steps.CucumberTestContextConfig    : Started CucumberTestContextConfig in 1.069 seconds (process running for 2.829)

@SmokeTest
Scenario: Login with registered user data         &amp#27;[90m# src/test/resources/features/SmokeTest.feature:5&amp#27;[0m
2023-08-17T18:44:50.107Z  INFO 1799 --- [G-PoolService-0] i.g.bonigarcia.wdm.WebDriverManager      : Using chromedriver 115.0.5790.170 (resolved driver for Chrome 115)
2023-08-17T18:44:50.129Z  INFO 1799 --- [G-PoolService-0] i.g.bonigarcia.wdm.WebDriverManager      : Reading https://chromedriver.storage.googleapis.com/ to seek chromedriver
2023-08-17T18:44:50.572Z  INFO 1799 --- [G-PoolService-0] i.g.bonigarcia.wdm.online.Downloader     : Downloading https://edgedl.me.gvt1.com/edgedl/chrome/chrome-for-testing/115.0.5790.170/linux64/chromedriver-linux64.zip
2023-08-17T18:44:50.880Z  INFO 1799 --- [G-PoolService-0] i.g.bonigarcia.wdm.online.Downloader     : Extracting driver from compressed file chromedriver-linux64.zip
2023-08-17T18:44:51.004Z  INFO 1799 --- [G-PoolService-0] i.g.bonigarcia.wdm.WebDriverManager      : Exporting webdriver.chrome.driver as /home/runner/.cache/selenium/chromedriver/linux64/115.0.5790.170/chromedriver
2023-08-17T18:44:52.316Z  WARN 1799 --- [G-PoolService-0] o.o.selenium.devtools.CdpVersionFinder   : Unable to find an exact match for CDP version 115, so returning the closest version found: 114
  &amp#27;[32mThen &amp#27;[0m&amp#27;[32mI check the home page is displayed&amp#27;[0m         &amp#27;[90m# com.ea.springbasic.steps.HomePageSteps.iCheckHomePageIsDisplayed()&amp#27;[0m
  &amp#27;[32mWhen &amp#27;[0m&amp#27;[32mI click login account button&amp#27;[0m               &amp#27;[90m# com.ea.springbasic.steps.HomePageSteps.iClickLoginAccountButton()&amp#27;[0m
  &amp#27;[32mThen &amp#27;[0m&amp#27;[32mI check the user login page is displayed&amp#27;[0m   &amp#27;[90m# com.ea.springbasic.steps.LoginPageSteps.iCheckLoginPageIsDisplayed()&amp#27;[0m
  &amp#27;[32mWhen &amp#27;[0m&amp#27;[32mI login with user credentials&amp#27;[0m              &amp#27;[90m# com.ea.springbasic.steps.LoginPageSteps.iLoginWithUserCredentials()&amp#27;[0m
  &amp#27;[31mThen &amp#27;[0m&amp#27;[31mI check the user account page is displayed&amp#27;[0m &amp#27;[90m# com.ea.springbasic.steps.AccountPageSteps.iCheckHomePageIsDisplayed()&amp#27;[0m
      &amp#27;[31morg.openqa.selenium.NoSuchElementException: no such element: Unable to locate element: {"method":"css selector","selector":"#AccountHeroImage"}
  (Session info: headless chrome=115.0.5790.170)
For documentation on this error, please visit: https://selenium.dev/exceptions/#no_such_element
Build info: version: '4.5.3', revision: '4b786a1e430'
System info: os.name: 'Linux', os.arch: 'amd64', os.version: '5.15.0-1041-azure', java.version: '17.0.8'
Driver info: org.openqa.selenium.chrome.ChromeDriver
Command: [318553aa029908297e6c2fd517a201d9, findElement {using=id, value=AccountHeroImage}]
Capabilities {acceptInsecureCerts: false, browserName: chrome, browserVersion: 115.0.5790.170, chrome: {chromedriverVersion: 115.0.5790.170 (cc0d30c2ca5..., userDataDir: /tmp/.org.chromium.Chromium...}, goog:chromeOptions: {debuggerAddress: localhost:43643}, networkConnectionEnabled: false, pageLoadStrategy: normal, platformName: LINUX, proxy: Proxy(), se:cdp: ws://localhost:43643/devtoo..., se:cdpVersion: 115.0.5790.170, setWindowRect: true, strictFileInteractability: false, timeouts: {implicit: 0, pageLoad: 300000, script: 30000}, unhandledPromptBehavior: dismiss and notify, webauthn:extension:credBlob: true, webauthn:extension:largeBlob: true, webauthn:extension:minPinLength: true, webauthn:extension:prf: true, webauthn:virtualAuthenticators: true}
Session ID: 318553aa029908297e6c2fd517a201d9
	at java.base/jdk.internal.reflect.NativeConstructorAccessorImpl.newInstance0(Native Method)
	at java.base/jdk.internal.reflect.NativeConstructorAccessorImpl.newInstance(NativeConstructorAccessorImpl.java:77)
	at java.base/jdk.internal.reflect.DelegatingConstructorAccessorImpl.newInstance(DelegatingConstructorAccessorImpl.java:45)
	at java.base/java.lang.reflect.Constructor.newInstanceWithCaller(Constructor.java:499)
	at java.base/java.lang.reflect.Constructor.newInstance(Constructor.java:480)
	at org.openqa.selenium.remote.codec.w3c.W3CHttpResponseCodec.createException(W3CHttpResponseCodec.java:200)
	at org.openqa.selenium.remote.codec.w3c.W3CHttpResponseCodec.decode(W3CHttpResponseCodec.java:133)
	at org.openqa.selenium.remote.codec.w3c.W3CHttpResponseCodec.decode(W3CHttpResponseCodec.java:53)
	at org.openqa.selenium.remote.HttpCommandExecutor.execute(HttpCommandExecutor.java:184)
	at org.openqa.selenium.remote.service.DriverCommandExecutor.invokeExecute(DriverCommandExecutor.java:167)
	at org.openqa.selenium.remote.service.DriverCommandExecutor.execute(DriverCommandExecutor.java:142)
	at org.openqa.selenium.remote.RemoteWebDriver.execute(RemoteWebDriver.java:541)
	at org.openqa.selenium.remote.ElementLocation$ElementFinder$2.findElement(ElementLocation.java:162)
	at org.openqa.selenium.remote.ElementLocation.findElement(ElementLocation.java:60)
	at org.openqa.selenium.remote.RemoteWebDriver.findElement(RemoteWebDriver.java:365)
	at org.openqa.selenium.remote.RemoteWebDriver.findElement(RemoteWebDriver.java:357)
	at org.openqa.selenium.support.pagefactory.DefaultElementLocator.findElement(DefaultElementLocator.java:70)
	at org.openqa.selenium.support.pagefactory.internal.LocatingElementHandler.invoke(LocatingElementHandler.java:39)
	at jdk.proxy2/jdk.proxy2.$Proxy103.isDisplayed(Unknown Source)
	at com.ea.springbasic.pages.AccountPage.lambda$isDisplayed$0(AccountPage.java:15)
	at org.openqa.selenium.support.ui.FluentWait.until(FluentWait.java:208)
	at java.base/jdk.internal.reflect.NativeMethodAccessorImpl.invoke0(Native Method)
	at java.base/jdk.internal.reflect.NativeMethodAccessorImpl.invoke(NativeMethodAccessorImpl.java:77)
	at java.base/jdk.internal.reflect.DelegatingMethodAccessorImpl.invoke(DelegatingMethodAccessorImpl.java:43)
	at java.base/java.lang.reflect.Method.invoke(Method.java:568)
	at org.springframework.aop.support.AopUtils.invokeJoinpointUsingReflection(AopUtils.java:343)
	at org.springframework.aop.framework.CglibAopProxy$DynamicAdvisedInterceptor.intercept(CglibAopProxy.java:698)
	at org.openqa.selenium.support.ui.FluentWait$$SpringCGLIB$$0.until(<generated>)
	at com.ea.springbasic.pages.AccountPage.isDisplayed(AccountPage.java:15)
	at com.ea.springbasic.steps.AccountPageSteps.iCheckHomePageIsDisplayed(AccountPageSteps.java:14)
	at ✽.I check the user account page is displayed(file:///home/runner/work/springbootSeleniumAT/springbootSeleniumAT/src/test/resources/features/SmokeTest.feature:12)
&amp#27;[0m
Take screenshot
]]></system-out>
    <system-err><![CDATA[Starting ChromeDriver 115.0.5790.170 (cc0d30c2ca5577520c8646671513241faa0bc105-refs/branch-heads/5790@{#1923}) on port 29299
Only local connections are allowed.
Please see https://chromedriver.chromium.org/security-considerations for suggestions on keeping ChromeDriver safe.
ChromeDriver was started successfully.
]]></system-err>
  </testcase>
</testsuite>