<?xml version="1.0" encoding="UTF-8"?>
<testsuite xmlns:xsi="http://www.w3.org/2001/XMLSchema-instance" xsi:noNamespaceSchemaLocation="https://maven.apache.org/surefire/maven-surefire-plugin/xsd/surefire-test-report.xsd" name="TestSuite" time="19.711" tests="4" errors="0" skipped="0" failures="0">
  <properties>
[...]
</properties>
  <testcase name="runScenario" classname="com.ea.springbasic.runner.TestRunner" time="17.618"/>
  <testcase name="runScenario" classname="com.ea.springbasic.runner.TestRunner" time="17.62"/>
  <testcase name="runScenario" classname="com.ea.springbasic.runner.TestRunner" time="17.629"/>
  <testcase name="runScenario" classname="com.ea.springbasic.runner.TestRunner" time="17.643"/>
</testsuite>